Pind Drive/manifest-merger-release-report.txt
-- Merging decision tree log ---
manifest
ADDED from AndroidManifest.xml:2:1
	package
		ADDED from AndroidManifest.xml:3:5
		INJECTED from AndroidManifest.xml:0:0
		INJECTED from AndroidManifest.xml:0:0
	android:versionName
		INJECTED from AndroidManifest.xml:0:0
		INJECTED from AndroidManifest.xml:0:0
	xmlns:android
		ADDED from AndroidManifest.xml:2:11
	android:versionCode
		INJECTED from AndroidManifest.xml:0:0
		INJECTED from AndroidManifest.xml:0:0
application
ADDED from AndroidManifest.xml:5:5
MERGED from com.android.support:appcompat-v7:22.1.0:22:5
MERGED from com.android.support:support-v4:22.1.0:22:5
MERGED from Pink'D:PinkLibrary:unspecified:25:5
MERGED from com.android.support:appcompat-v7:22.1.0:22:5
MERGED from com.android.support:support-v4:22.1.0:22:5
MERGED from com.google.android.gms:play-services:6.5.87:20:5
MERGED from com.android.support:support-v4:22.1.0:22:5
	android:label
		ADDED from AndroidManifest.xml:8:9
	android:allowBackup
		ADDED from AndroidManifest.xml:6:9
	android:icon
		ADDED from AndroidManifest.xml:7:9
	android:theme
		ADDED from AndroidManifest.xml:9:9
activity#com.pinkd.pinkdrive.SplashActivity
ADDED from AndroidManifest.xml:10:9
	android:label
		ADDED from AndroidManifest.xml:12:13
	android:name
		ADDED from AndroidManifest.xml:11:13
intent-filter#android.intent.action.MAIN+android.intent.category.LAUNCHER
ADDED from AndroidManifest.xml:13:13
action#android.intent.action.MAIN
ADDED from AndroidManifest.xml:14:17
	android:name
		ADDED from AndroidManifest.xml:14:25
category#android.intent.category.LAUNCHER
ADDED from AndroidManifest.xml:16:17
	android:name
		ADDED from AndroidManifest.xml:16:27
activity#com.pinkd.pinkdrive.LoginActivity
ADDED from AndroidManifest.xml:19:9
	android:label
		ADDED from AndroidManifest.xml:21:13
	android:name
		ADDED from AndroidManifest.xml:20:13
activity#com.pinkd.pinkdrive.DashboardActivity
ADDED from AndroidManifest.xml:23:9
	android:label
		ADDED from AndroidManifest.xml:25:13
	android:name
		ADDED from AndroidManifest.xml:24:13
meta-data#android.support.PARENT_ACTIVITY
ADDED from AndroidManifest.xml:26:13
	android:value
		ADDED from AndroidManifest.xml:28:17
	android:name
		ADDED from AndroidManifest.xml:27:17
activity#com.pinkd.pinkdrive.TutorialActivity
ADDED from AndroidManifest.xml:30:9
	android:label
		ADDED from AndroidManifest.xml:32:13
	android:name
		ADDED from AndroidManifest.xml:31:13
activity#com.pinkd.pinkdrive.LearnActivity
ADDED from AndroidManifest.xml:34:9
	android:label
		ADDED from AndroidManifest.xml:36:13
	android:name
		ADDED from AndroidManifest.xml:35:13
activity#com.pinkd.pinkdrive.MythActivity
ADDED from AndroidManifest.xml:38:9
	android:label
		ADDED from AndroidManifest.xml:40:13
	android:name
		ADDED from AndroidManifest.xml:39:13
activity#com.pinkd.pinkdrive.GameActivity
ADDED from AndroidManifest.xml:42:9
	android:label
		ADDED from AndroidManifest.xml:44:13
	android:name
		ADDED from AndroidManifest.xml:43:13
activity#com.pinkd.pinkdrive.QuestionAndAnswer
ADDED from AndroidManifest.xml:46:9
	android:label
		ADDED from AndroidManifest.xml:48:13
	android:name
		ADDED from AndroidManifest.xml:47:13
activity#com.pinkd.pinkdrive.RegisterActivity
ADDED from AndroidManifest.xml:50:9
	android:label
		ADDED from AndroidManifest.xml:52:13
	android:name
		ADDED from AndroidManifest.xml:51:13
uses-sdk
INJECTED from AndroidManifest.xml:0:0 reason: use-sdk injection requested
MERGED from com.android.support:appcompat-v7:22.1.0:20:5
MERGED from com.android.support:support-v4:22.1.0:20:5
MERGED from Pink'D:PinkLibrary:unspecified:7:5
MERGED from com.android.support:appcompat-v7:22.1.0:20:5
MERGED from com.android.support:support-v4:22.1.0:20:5
MERGED from com.google.android.gms:play-services:6.5.87:18:5
MERGED from com.android.support:support-v4:22.1.0:20:5
	android:targetSdkVersion
		INJECTED from AndroidManifest.xml:0:0
		INJECTED from AndroidManifest.xml:0:0
	android:minSdkVersion
		INJECTED from AndroidManifest.xml:0:0
		INJECTED from AndroidManifest.xml:0:0
uses-permission#android.permission.INTERNET
ADDED from Pink'D:PinkLibrary:unspecified:11:5
	android:name
		ADDED from Pink'D:PinkLibrary:unspecified:11:22
uses-permission#android.permission.ACCESS_NETWORK_STATE
ADDED from Pink'D:PinkLibrary:unspecified:12:5
	android:name
		ADDED from Pink'D:PinkLibrary:unspecified:12:22
uses-permission#android.permission.ACCESS_WIFI_STATE
ADDED from Pink'D:PinkLibrary:unspecified:13:5
	android:name
		ADDED from Pink'D:PinkLibrary:unspecified:13:22
uses-permission#com.google.android.providers.gsf.permission.READ_GSERVICES
ADDED from Pink'D:PinkLibrary:unspecified:14:5
	android:name
		ADDED from Pink'D:PinkLibrary:unspecified:14:22
uses-permission#android.permission.WRITE_EXTERNAL_STORAGE
ADDED from Pink'D:PinkLibrary:unspecified:15:5
	android:name
		ADDED from Pink'D:PinkLibrary:unspecified:15:22
uses-permission#android.permission.VIBRATE
ADDED from Pink'D:PinkLibrary:unspecified:16:5
	android:name
		ADDED from Pink'D:PinkLibrary:unspecified:16:22
uses-permission#android.permission.GET_ACCOUNTS
ADDED from Pink'D:PinkLibrary:unspecified:17:5
	android:name
		ADDED from Pink'D:PinkLibrary:unspecified:17:22
uses-permission#android.permission.ACCESS_FINE_LOCATION
ADDED from Pink'D:PinkLibrary:unspecified:18:5
	android:name
		ADDED from Pink'D:PinkLibrary:unspecified:18:22
uses-permission#android.permission.RECORD_AUDIO
ADDED from Pink'D:PinkLibrary:unspecified:19:5
	android:name
		ADDED from Pink'D:PinkLibrary:unspecified:19:22
uses-permission#android.permission.READ_PHONE_STATE
ADDED from Pink'D:PinkLibrary:unspecified:20:5
	android:name
		ADDED from Pink'D:PinkLibrary:unspecified:20:22
uses-permission#android.permission.WAKE_LOCK
ADDED from Pink'D:PinkLibrary:unspecified:22:5
	android:name
		ADDED from Pink'D:PinkLibrary:unspecified:22:22
uses-permission#android.permission.DISABLE_KEYGUARD
ADDED from Pink'D:PinkLibrary:unspecified:23:5
	android:name
		ADDED from Pink'D:PinkLibrary:unspecified:23:22
activity#com.nunens.pinkd.LibraryActivity
ADDED from Pink'D:PinkLibrary:unspecified:29:9
	android:label
		ADDED from Pink'D:PinkLibrary:unspecified:31:13
	android:name
		ADDED from Pink'D:PinkLibrary:unspecified:30:13
android:uses-permission#android.permission.READ_EXTERNAL_STORAGE
IMPLIED from AndroidManifest.xml:2:1 reason: com.nunens.pinkd requested WRITE_EXTERNAL_STORAGE
meta-data#com.google.android.gms.version
ADDED from com.google.android.gms:play-services:6.5.87:21:9
	android:value
		ADDED from com.google.android.gms:play-services:6.5.87:23:13
	android:name
		ADDED from com.google.android.gms:play-services:6.5.87:22:13